<?xml version="1.0" encoding="UTF-8" ?>
<testsuite tests="11" failures="0" name="TestSuite" time="1.173" errors="0" skipped="0">
  <properties>
    <property name="java.runtime.name" value="Java(TM) SE Runtime Environment"/>
    <property name="sun.boot.library.path" value="C:\Program Files\Java\jdk1.8.0_152\jre\bin"/>
    <property name="java.vm.version" value="25.152-b16"/>
    <property name="java.vm.vendor" value="Oracle Corporation"/>
    <property name="java.vendor.url" value="http://java.oracle.com/"/>
    <property name="path.separator" value=";"/>
    <property name="java.vm.name" value="Java HotSpot(TM) 64-Bit Server VM"/>
    <property name="file.encoding.pkg" value="sun.io"/>
    <property name="user.script" value=""/>
    <property name="user.country" value="CN"/>
    <property name="sun.java.launcher" value="SUN_STANDARD"/>
    <property name="sun.os.patch.level" value="Service Pack 1"/>
    <property name="java.vm.specification.name" value="Java Virtual Machine Specification"/>
    <property name="user.dir" value="D:\shushuogushi\jishu\test\ds-test"/>
    <property name="java.runtime.version" value="1.8.0_152-b16"/>
    <property name="java.awt.graphicsenv" value="sun.awt.Win32GraphicsEnvironment"/>
    <property name="basedir" value="D:\shushuogushi\jishu\test\ds-test"/>
    <property name="java.endorsed.dirs" value="C:\Program Files\Java\jdk1.8.0_152\jre\lib\endorsed"/>
    <property name="os.arch" value="amd64"/>
    <property name="surefire.real.class.path" value="D:\shushuogushi\jishu\test\ds-test\target\surefire\surefirebooter5776286985994529993.jar"/>
    <property name="java.io.tmpdir" value="C:\Users\ADMINI~1\AppData\Local\Temp\"/>
    <property name="line.separator" value="
"/>
    <property name="java.vm.specification.vendor" value="Oracle Corporation"/>
    <property name="user.variant" value=""/>
    <property name="os.name" value="Windows 7"/>
    <property name="sun.jnu.encoding" value="GBK"/>
    <property name="java.library.path" value="C:\Program Files\Java\jdk1.8.0_152\jre\bin;C:\Windows\Sun\Java\bin;C:\Windows\system32;C:\Windows;C:\ProgramData\Oracle\Java\javapath;C:\Windows\system32;C:\Windows;C:\Windows\System32\Wbem;C:\Windows\System32\WindowsPowerShell\v1.0\;C:\Program Files (x86)\NVIDIA Corporation\PhysX\Common;C:\Program Files (x86)\IDM Computer Solutions\UltraEdit;C:\Program Files\Java\jdk1.8.0_152/bin;C:\Program Files\Java\jdk1.8.0_152/jre/bin;D:\sofeware\hadoop-2.7.5\bin;C:\Program Files (x86)\Git\cmd;D:\sofeware\apache-maven-3.5.2\bin;D:\sofeware\mysql-5.7.20-winx64;C:\Program Files\MySQL\MySQL Server 5.1\bin;."/>
    <property name="surefire.test.class.path" value="D:\shushuogushi\jishu\test\ds-test\target\test-classes;D:\shushuogushi\jishu\test\ds-test\target\classes;D:\sofeware\maven\test\repository\junit\junit\4.12\junit-4.12.jar;D:\sofeware\maven\test\repository\org\hamcrest\hamcrest-core\1.3\hamcrest-core-1.3.jar;D:\sofeware\maven\test\repository\org\testng\testng\6.8\testng-6.8.jar;D:\sofeware\maven\test\repository\org\beanshell\bsh\2.0b4\bsh-2.0b4.jar;D:\sofeware\maven\test\repository\com\beust\jcommander\1.27\jcommander-1.27.jar;D:\sofeware\maven\test\repository\org\yaml\snakeyaml\1.6\snakeyaml-1.6.jar;D:\sofeware\maven\test\repository\org\apache\maven\surefire\surefire-testng-utils\2.8\surefire-testng-utils-2.8.jar;"/>
    <property name="java.specification.name" value="Java Platform API Specification"/>
    <property name="java.class.version" value="52.0"/>
    <property name="sun.management.compiler" value="HotSpot 64-Bit Tiered Compilers"/>
    <property name="os.version" value="6.1"/>
    <property name="user.home" value="C:\Users\Administrator"/>
    <property name="user.timezone" value="Asia/Shanghai"/>
    <property name="java.awt.printerjob" value="sun.awt.windows.WPrinterJob"/>
    <property name="java.specification.version" value="1.8"/>
    <property name="file.encoding" value="GBK"/>
    <property name="user.name" value="Administrator"/>
    <property name="java.class.path" value="D:\shushuogushi\jishu\test\ds-test\target\test-classes;D:\shushuogushi\jishu\test\ds-test\target\classes;D:\sofeware\maven\test\repository\junit\junit\4.12\junit-4.12.jar;D:\sofeware\maven\test\repository\org\hamcrest\hamcrest-core\1.3\hamcrest-core-1.3.jar;D:\sofeware\maven\test\repository\org\testng\testng\6.8\testng-6.8.jar;D:\sofeware\maven\test\repository\org\beanshell\bsh\2.0b4\bsh-2.0b4.jar;D:\sofeware\maven\test\repository\com\beust\jcommander\1.27\jcommander-1.27.jar;D:\sofeware\maven\test\repository\org\yaml\snakeyaml\1.6\snakeyaml-1.6.jar;D:\sofeware\maven\test\repository\org\apache\maven\surefire\surefire-testng-utils\2.8\surefire-testng-utils-2.8.jar;"/>
    <property name="java.vm.specification.version" value="1.8"/>
    <property name="sun.arch.data.model" value="64"/>
    <property name="java.home" value="C:\Program Files\Java\jdk1.8.0_152\jre"/>
    <property name="sun.java.command" value="D:\shushuogushi\jishu\test\ds-test\target\surefire\surefirebooter5776286985994529993.jar D:\shushuogushi\jishu\test\ds-test\target\surefire\surefire3114133715607940382tmp D:\shushuogushi\jishu\test\ds-test\target\surefire\surefire5985653987190488141tmp"/>
    <property name="java.specification.vendor" value="Oracle Corporation"/>
    <property name="user.language" value="zh"/>
    <property name="awt.toolkit" value="sun.awt.windows.WToolkit"/>
    <property name="java.vm.info" value="mixed mode"/>
    <property name="java.version" value="1.8.0_152"/>
    <property name="java.ext.dirs" value="C:\Program Files\Java\jdk1.8.0_152\jre\lib\ext;C:\Windows\Sun\Java\lib\ext"/>
    <property name="sun.boot.class.path" value="C:\Program Files\Java\jdk1.8.0_152\jre\lib\resources.jar;C:\Program Files\Java\jdk1.8.0_152\jre\lib\rt.jar;C:\Program Files\Java\jdk1.8.0_152\jre\lib\sunrsasign.jar;C:\Program Files\Java\jdk1.8.0_152\jre\lib\jsse.jar;C:\Program Files\Java\jdk1.8.0_152\jre\lib\jce.jar;C:\Program Files\Java\jdk1.8.0_152\jre\lib\charsets.jar;C:\Program Files\Java\jdk1.8.0_152\jre\lib\jfr.jar;C:\Program Files\Java\jdk1.8.0_152\jre\classes"/>
    <property name="java.vendor" value="Oracle Corporation"/>
    <property name="localRepository" value="D:\sofeware\maven\test\repository"/>
    <property name="file.separator" value="\"/>
    <property name="java.vendor.url.bug" value="http://bugreport.sun.com/bugreport/"/>
    <property name="sun.cpu.endian" value="little"/>
    <property name="sun.io.unicode.encoding" value="UnicodeLittle"/>
    <property name="sun.desktop" value="windows"/>
    <property name="sun.cpu.isalist" value="amd64"/>
  </properties>
  <testcase classname="ds.test.testng.GoodsTest" name="testGetSalePrice" time="0.01"/>
  <testcase classname="ds.test.testng.GoodsTest" name="testGetStock" time="0"/>
  <testcase classname="ds.test.testng.GoodsTest" name="testGetSaleNumber" time="0"/>
  <testcase classname="ds.test.testng.GoodsTest" name="getOrderNo" time="0"/>
  <testcase classname="ds.test.testng.StockTest" name="testGetStock" time="0.001"/>
  <testcase classname="ds.test.testng.StockTest" name="testGetStock" time="0.001"/>
  <testcase classname="ds.test.testng.StockTest" name="testGetStock" time="0"/>
  <testcase classname="ds.test.testng.StoreTest" name="testShowNemGoodsNum" time="0"/>
  <testcase classname="ds.test.testng.StoreTest" name="testGetGoodsNum" time="0.016"/>
  <testcase classname="ds.test.testng.StoreTest" name="testGetStoreTypeFirst" time="0.001"/>
  <testcase classname="ds.test.testng.StoreTest" name="testGetStoreTypeSecond" time="0"/>
</testsuite>