<?xml version="1.0" encoding="UTF-8"?>
<!-- Generated by org.testng.reporters.JUnitReportReporter -->
<testsuite hostname="20171214B6-PC" name="ds.test.testng.StoreTest" tests="4" failures="0" timestamp="9 Feb 2018 12:10:35 GMT" time="0.009" errors="0">
  <testcase name="testGetGoodsNum" time="0.006" classname="ds.test.testng.StoreTest"/>
  <testcase name="testGetStoreTypeSecond" time="0.001" classname="ds.test.testng.StoreTest"/>
  <testcase name="testShowNemGoodsNum" time="0.001" classname="ds.test.testng.StoreTest"/>
  <testcase name="testGetStoreTypeFirst" time="0.001" classname="ds.test.testng.StoreTest"/>
</testsuite> <!-- ds.test.testng.StoreTest -->
