<?xml version="1.0" encoding="UTF-8"?>
<!-- Generated by org.testng.reporters.JUnitReportReporter -->
<testsuite hostname="20171214B6-PC" name="ds.test.testng.StockTest" tests="3" failures="0" timestamp="8 Feb 2018 11:56:12 GMT" time="0.004" errors="0">
  <testcase name="testGetStock" time="0.002" classname="ds.test.testng.StockTest"/>
  <testcase name="testGetStock" time="0.001" classname="ds.test.testng.StockTest"/>
  <testcase name="testGetStock" time="0.001" classname="ds.test.testng.StockTest"/>
</testsuite> <!-- ds.test.testng.StockTest -->
