<?xml version="1.0" encoding="UTF-8"?>
<!-- Generated by org.testng.reporters.JUnitReportReporter -->
<testsuite hostname="20171214B6-PC" name="ds.test.testng.StoreTest" tests="4" failures="0" timestamp="8 Feb 2018 11:56:11 GMT" time="0.018" errors="0">
  <testcase name="testGetGoodsNum" time="0.017" classname="ds.test.testng.StoreTest"/>
  <testcase name="testGetStoreTypeFirst" time="0.000" classname="ds.test.testng.StoreTest"/>
  <testcase name="testShowNemGoodsNum" time="0.001" classname="ds.test.testng.StoreTest"/>
  <testcase name="testGetStoreTypeSecond" time="0.000" classname="ds.test.testng.StoreTest"/>
</testsuite> <!-- ds.test.testng.StoreTest -->
